  Main.cpp
d:\downloads\mysql-connector-c++-noinstall-1.1.7-win32\mysql-connector-c++-noinstall-1.1.7-win32\include\cppconn\sqlstring.h(39): warning C4251: 'sql::SQLString::realStr': class 'std::basic_string<char,std::char_traits<char>,std::allocator<char>>' needs to have dll-interface to be used by clients of class 'sql::SQLString'
  C:\Program Files (x86)\Microsoft Visual Studio 14.0\VC\include\xstring(2633): note: see declaration of 'std::basic_string<char,std::char_traits<char>,std::allocator<char>>'
d:\downloads\mysql-connector-c++-noinstall-1.1.7-win32\mysql-connector-c++-noinstall-1.1.7-win32\include\cppconn\exception.h(61): warning C4251: 'sql::SQLException::sql_state': class 'std::basic_string<char,std::char_traits<char>,std::allocator<char>>' needs to have dll-interface to be used by clients of class 'sql::SQLException'
  C:\Program Files (x86)\Microsoft Visual Studio 14.0\VC\include\xstring(2633): note: see declaration of 'std::basic_string<char,std::char_traits<char>,std::allocator<char>>'
d:\downloads\mysql-connector-c++-noinstall-1.1.7-win32\mysql-connector-c++-noinstall-1.1.7-win32\include\cppconn\exception.h(145): warning C4251: 'sql::SQLUnsupportedOptionException::option': class 'std::basic_string<char,std::char_traits<char>,std::allocator<char>>' needs to have dll-interface to be used by clients of struct 'sql::SQLUnsupportedOptionException'
  C:\Program Files (x86)\Microsoft Visual Studio 14.0\VC\include\xstring(2633): note: see declaration of 'std::basic_string<char,std::char_traits<char>,std::allocator<char>>'
D:\Downloads\mysql-connector-c++-noinstall-1.1.7-win32\mysql-connector-c++-noinstall-1.1.7-win32\include\mysql_connection.h(175): warning C4251: 'sql::mysql::MySQL_Connection::proxy': class 'boost::shared_ptr<sql::mysql::NativeAPI::NativeConnectionWrapper>' needs to have dll-interface to be used by clients of class 'sql::mysql::MySQL_Connection'
  D:\Downloads\mysql-connector-c++-noinstall-1.1.7-win32\mysql-connector-c++-noinstall-1.1.7-win32\include\mysql_connection.h(175): note: see declaration of 'boost::shared_ptr<sql::mysql::NativeAPI::NativeConnectionWrapper>'
D:\Downloads\mysql-connector-c++-noinstall-1.1.7-win32\mysql-connector-c++-noinstall-1.1.7-win32\include\mysql_connection.h(179): warning C4251: 'sql::mysql::MySQL_Connection::service': class 'boost::scoped_ptr<sql::mysql::MySQL_Statement>' needs to have dll-interface to be used by clients of class 'sql::mysql::MySQL_Connection'
  D:\Downloads\mysql-connector-c++-noinstall-1.1.7-win32\mysql-connector-c++-noinstall-1.1.7-win32\include\mysql_connection.h(179): note: see declaration of 'boost::scoped_ptr<sql::mysql::MySQL_Statement>'
D:\Downloads\mysql-connector-c++-noinstall-1.1.7-win32\mysql-connector-c++-noinstall-1.1.7-win32\include\mysql_connection.h(181): warning C4251: 'sql::mysql::MySQL_Connection::intern': class 'boost::scoped_ptr<sql::mysql::MySQL_ConnectionData>' needs to have dll-interface to be used by clients of class 'sql::mysql::MySQL_Connection'
  D:\Downloads\mysql-connector-c++-noinstall-1.1.7-win32\mysql-connector-c++-noinstall-1.1.7-win32\include\mysql_connection.h(181): note: see declaration of 'boost::scoped_ptr<sql::mysql::MySQL_ConnectionData>'
Main.cpp(91): warning C4996: 'gethostbyname': Use getaddrinfo() or GetAddrInfoW() instead or define _WINSOCK_DEPRECATED_NO_WARNINGS to disable deprecated API warnings
  C:\Program Files (x86)\Windows Kits\8.1\Include\um\WinSock2.h(2238): note: see declaration of 'gethostbyname'
Main.cpp(101): warning C4996: 'inet_ntoa': Use inet_ntop() or InetNtop() instead or define _WINSOCK_DEPRECATED_NO_WARNINGS to disable deprecated API warnings
  C:\Program Files (x86)\Windows Kits\8.1\Include\um\WinSock2.h(1868): note: see declaration of 'inet_ntoa'
  Generating code
  2 of 620 functions ( 0.3%) were compiled, the rest were copied from previous compilation.
    1 functions were new in current compilation
    4 functions had inline decision re-evaluated but remain unchanged
  Finished generating code
  AndroidMySQLServer.vcxproj -> D:\Drives\Git\AndroidMySQLServer\Release\AndroidMySQLServer.exe
  AndroidMySQLServer.vcxproj -> D:\Drives\Git\AndroidMySQLServer\Release\AndroidMySQLServer.pdb (Full PDB)
