  SQLService.cpp
d:\downloads\mysql-connector-c++-noinstall-1.1.7-win32\mysql-connector-c++-noinstall-1.1.7-win32\include\cppconn\sqlstring.h(39): warning C4251: 'sql::SQLString::realStr': class 'std::basic_string<char,std::char_traits<char>,std::allocator<char>>' needs to have dll-interface to be used by clients of class 'sql::SQLString'
  c:\program files (x86)\microsoft visual studio 14.0\vc\include\xstring(2633): note: see declaration of 'std::basic_string<char,std::char_traits<char>,std::allocator<char>>'
d:\downloads\mysql-connector-c++-noinstall-1.1.7-win32\mysql-connector-c++-noinstall-1.1.7-win32\include\cppconn\exception.h(61): warning C4251: 'sql::SQLException::sql_state': class 'std::basic_string<char,std::char_traits<char>,std::allocator<char>>' needs to have dll-interface to be used by clients of class 'sql::SQLException'
  c:\program files (x86)\microsoft visual studio 14.0\vc\include\xstring(2633): note: see declaration of 'std::basic_string<char,std::char_traits<char>,std::allocator<char>>'
d:\downloads\mysql-connector-c++-noinstall-1.1.7-win32\mysql-connector-c++-noinstall-1.1.7-win32\include\cppconn\exception.h(145): warning C4251: 'sql::SQLUnsupportedOptionException::option': class 'std::basic_string<char,std::char_traits<char>,std::allocator<char>>' needs to have dll-interface to be used by clients of struct 'sql::SQLUnsupportedOptionException'
  c:\program files (x86)\microsoft visual studio 14.0\vc\include\xstring(2633): note: see declaration of 'std::basic_string<char,std::char_traits<char>,std::allocator<char>>'
d:\downloads\mysql-connector-c++-noinstall-1.1.7-win32\mysql-connector-c++-noinstall-1.1.7-win32\include\mysql_connection.h(175): warning C4251: 'sql::mysql::MySQL_Connection::proxy': class 'boost::shared_ptr<sql::mysql::NativeAPI::NativeConnectionWrapper>' needs to have dll-interface to be used by clients of class 'sql::mysql::MySQL_Connection'
  d:\downloads\mysql-connector-c++-noinstall-1.1.7-win32\mysql-connector-c++-noinstall-1.1.7-win32\include\mysql_connection.h(175): note: see declaration of 'boost::shared_ptr<sql::mysql::NativeAPI::NativeConnectionWrapper>'
d:\downloads\mysql-connector-c++-noinstall-1.1.7-win32\mysql-connector-c++-noinstall-1.1.7-win32\include\mysql_connection.h(179): warning C4251: 'sql::mysql::MySQL_Connection::service': class 'boost::scoped_ptr<sql::mysql::MySQL_Statement>' needs to have dll-interface to be used by clients of class 'sql::mysql::MySQL_Connection'
  d:\downloads\mysql-connector-c++-noinstall-1.1.7-win32\mysql-connector-c++-noinstall-1.1.7-win32\include\mysql_connection.h(179): note: see declaration of 'boost::scoped_ptr<sql::mysql::MySQL_Statement>'
d:\downloads\mysql-connector-c++-noinstall-1.1.7-win32\mysql-connector-c++-noinstall-1.1.7-win32\include\mysql_connection.h(181): warning C4251: 'sql::mysql::MySQL_Connection::intern': class 'boost::scoped_ptr<sql::mysql::MySQL_ConnectionData>' needs to have dll-interface to be used by clients of class 'sql::mysql::MySQL_Connection'
  d:\downloads\mysql-connector-c++-noinstall-1.1.7-win32\mysql-connector-c++-noinstall-1.1.7-win32\include\mysql_connection.h(181): note: see declaration of 'boost::scoped_ptr<sql::mysql::MySQL_ConnectionData>'
  Main.cpp
d:\downloads\mysql-connector-c++-noinstall-1.1.7-win32\mysql-connector-c++-noinstall-1.1.7-win32\include\cppconn\sqlstring.h(39): warning C4251: 'sql::SQLString::realStr': class 'std::basic_string<char,std::char_traits<char>,std::allocator<char>>' needs to have dll-interface to be used by clients of class 'sql::SQLString'
  c:\program files (x86)\microsoft visual studio 14.0\vc\include\xstring(2633): note: see declaration of 'std::basic_string<char,std::char_traits<char>,std::allocator<char>>'
d:\downloads\mysql-connector-c++-noinstall-1.1.7-win32\mysql-connector-c++-noinstall-1.1.7-win32\include\cppconn\exception.h(61): warning C4251: 'sql::SQLException::sql_state': class 'std::basic_string<char,std::char_traits<char>,std::allocator<char>>' needs to have dll-interface to be used by clients of class 'sql::SQLException'
  c:\program files (x86)\microsoft visual studio 14.0\vc\include\xstring(2633): note: see declaration of 'std::basic_string<char,std::char_traits<char>,std::allocator<char>>'
d:\downloads\mysql-connector-c++-noinstall-1.1.7-win32\mysql-connector-c++-noinstall-1.1.7-win32\include\cppconn\exception.h(145): warning C4251: 'sql::SQLUnsupportedOptionException::option': class 'std::basic_string<char,std::char_traits<char>,std::allocator<char>>' needs to have dll-interface to be used by clients of struct 'sql::SQLUnsupportedOptionException'
  c:\program files (x86)\microsoft visual studio 14.0\vc\include\xstring(2633): note: see declaration of 'std::basic_string<char,std::char_traits<char>,std::allocator<char>>'
d:\downloads\mysql-connector-c++-noinstall-1.1.7-win32\mysql-connector-c++-noinstall-1.1.7-win32\include\mysql_connection.h(175): warning C4251: 'sql::mysql::MySQL_Connection::proxy': class 'boost::shared_ptr<sql::mysql::NativeAPI::NativeConnectionWrapper>' needs to have dll-interface to be used by clients of class 'sql::mysql::MySQL_Connection'
  d:\downloads\mysql-connector-c++-noinstall-1.1.7-win32\mysql-connector-c++-noinstall-1.1.7-win32\include\mysql_connection.h(175): note: see declaration of 'boost::shared_ptr<sql::mysql::NativeAPI::NativeConnectionWrapper>'
d:\downloads\mysql-connector-c++-noinstall-1.1.7-win32\mysql-connector-c++-noinstall-1.1.7-win32\include\mysql_connection.h(179): warning C4251: 'sql::mysql::MySQL_Connection::service': class 'boost::scoped_ptr<sql::mysql::MySQL_Statement>' needs to have dll-interface to be used by clients of class 'sql::mysql::MySQL_Connection'
  d:\downloads\mysql-connector-c++-noinstall-1.1.7-win32\mysql-connector-c++-noinstall-1.1.7-win32\include\mysql_connection.h(179): note: see declaration of 'boost::scoped_ptr<sql::mysql::MySQL_Statement>'
d:\downloads\mysql-connector-c++-noinstall-1.1.7-win32\mysql-connector-c++-noinstall-1.1.7-win32\include\mysql_connection.h(181): warning C4251: 'sql::mysql::MySQL_Connection::intern': class 'boost::scoped_ptr<sql::mysql::MySQL_ConnectionData>' needs to have dll-interface to be used by clients of class 'sql::mysql::MySQL_Connection'
  d:\downloads\mysql-connector-c++-noinstall-1.1.7-win32\mysql-connector-c++-noinstall-1.1.7-win32\include\mysql_connection.h(181): note: see declaration of 'boost::scoped_ptr<sql::mysql::MySQL_ConnectionData>'
d:\drives\git\androidmysqlserver\androidmysqlserver\main.cpp(91): warning C4996: 'gethostbyname': Use getaddrinfo() or GetAddrInfoW() instead or define _WINSOCK_DEPRECATED_NO_WARNINGS to disable deprecated API warnings
  c:\program files (x86)\windows kits\8.1\include\um\winsock2.h(2238): note: see declaration of 'gethostbyname'
d:\drives\git\androidmysqlserver\androidmysqlserver\main.cpp(101): warning C4996: 'inet_ntoa': Use inet_ntop() or InetNtop() instead or define _WINSOCK_DEPRECATED_NO_WARNINGS to disable deprecated API warnings
  c:\program files (x86)\windows kits\8.1\include\um\winsock2.h(1868): note: see declaration of 'inet_ntoa'
  C11ThreadPool.cpp
d:\downloads\mysql-connector-c++-noinstall-1.1.7-win32\mysql-connector-c++-noinstall-1.1.7-win32\include\cppconn\sqlstring.h(39): warning C4251: 'sql::SQLString::realStr': class 'std::basic_string<char,std::char_traits<char>,std::allocator<char>>' needs to have dll-interface to be used by clients of class 'sql::SQLString'
  c:\program files (x86)\microsoft visual studio 14.0\vc\include\xstring(2633): note: see declaration of 'std::basic_string<char,std::char_traits<char>,std::allocator<char>>'
d:\downloads\mysql-connector-c++-noinstall-1.1.7-win32\mysql-connector-c++-noinstall-1.1.7-win32\include\cppconn\exception.h(61): warning C4251: 'sql::SQLException::sql_state': class 'std::basic_string<char,std::char_traits<char>,std::allocator<char>>' needs to have dll-interface to be used by clients of class 'sql::SQLException'
  c:\program files (x86)\microsoft visual studio 14.0\vc\include\xstring(2633): note: see declaration of 'std::basic_string<char,std::char_traits<char>,std::allocator<char>>'
d:\downloads\mysql-connector-c++-noinstall-1.1.7-win32\mysql-connector-c++-noinstall-1.1.7-win32\include\cppconn\exception.h(145): warning C4251: 'sql::SQLUnsupportedOptionException::option': class 'std::basic_string<char,std::char_traits<char>,std::allocator<char>>' needs to have dll-interface to be used by clients of struct 'sql::SQLUnsupportedOptionException'
  c:\program files (x86)\microsoft visual studio 14.0\vc\include\xstring(2633): note: see declaration of 'std::basic_string<char,std::char_traits<char>,std::allocator<char>>'
d:\downloads\mysql-connector-c++-noinstall-1.1.7-win32\mysql-connector-c++-noinstall-1.1.7-win32\include\mysql_connection.h(175): warning C4251: 'sql::mysql::MySQL_Connection::proxy': class 'boost::shared_ptr<sql::mysql::NativeAPI::NativeConnectionWrapper>' needs to have dll-interface to be used by clients of class 'sql::mysql::MySQL_Connection'
  d:\downloads\mysql-connector-c++-noinstall-1.1.7-win32\mysql-connector-c++-noinstall-1.1.7-win32\include\mysql_connection.h(175): note: see declaration of 'boost::shared_ptr<sql::mysql::NativeAPI::NativeConnectionWrapper>'
d:\downloads\mysql-connector-c++-noinstall-1.1.7-win32\mysql-connector-c++-noinstall-1.1.7-win32\include\mysql_connection.h(179): warning C4251: 'sql::mysql::MySQL_Connection::service': class 'boost::scoped_ptr<sql::mysql::MySQL_Statement>' needs to have dll-interface to be used by clients of class 'sql::mysql::MySQL_Connection'
  d:\downloads\mysql-connector-c++-noinstall-1.1.7-win32\mysql-connector-c++-noinstall-1.1.7-win32\include\mysql_connection.h(179): note: see declaration of 'boost::scoped_ptr<sql::mysql::MySQL_Statement>'
d:\downloads\mysql-connector-c++-noinstall-1.1.7-win32\mysql-connector-c++-noinstall-1.1.7-win32\include\mysql_connection.h(181): warning C4251: 'sql::mysql::MySQL_Connection::intern': class 'boost::scoped_ptr<sql::mysql::MySQL_ConnectionData>' needs to have dll-interface to be used by clients of class 'sql::mysql::MySQL_Connection'
  d:\downloads\mysql-connector-c++-noinstall-1.1.7-win32\mysql-connector-c++-noinstall-1.1.7-win32\include\mysql_connection.h(181): note: see declaration of 'boost::scoped_ptr<sql::mysql::MySQL_ConnectionData>'
  Generating Code...
  Compiling...
  view.cpp
  Generating Code...
  Skipping... (no relevant changes detected)
  TCPSocket.hpp
mysqlcppconn-static.lib(mysql_util.obj) : error LNK2038: mismatch detected for '_MSC_VER': value '1800' doesn't match value '1900' in C11ThreadPool.obj
mysqlcppconn-static.lib(mysql_util.obj) : error LNK2038: mismatch detected for '_ITERATOR_DEBUG_LEVEL': value '0' doesn't match value '2' in C11ThreadPool.obj
mysqlcppconn-static.lib(mysql_util.obj) : error LNK2038: mismatch detected for 'RuntimeLibrary': value 'MT_StaticRelease' doesn't match value 'MDd_DynamicDebug' in C11ThreadPool.obj
mysqlcppconn-static.lib(mysql_util.obj) : error LNK2005: "public: __thiscall sql::SQLString::~SQLString(void)" (??1SQLString@sql@@QAE@XZ) already defined in mysqlcppconn.lib(mysqlcppconn.dll)
mysqlcppconn-static.lib(mysql_util.obj) : error LNK2005: "public: __thiscall sql::SQLString::operator class std::basic_string<char,struct std::char_traits<char>,class std::allocator<char> > const &(void)const " (??BSQLString@sql@@QBEABV?$basic_string@DU?$char_traits@D@std@@V?$allocator@D@2@@std@@XZ) already defined in mysqlcppconn.lib(mysqlcppconn.dll)
msvcprtd.lib(MSVCP140D.dll) : error LNK2005: "public: bool __thiscall std::ios_base::good(void)const " (?good@ios_base@std@@QBE_NXZ) already defined in mysqlcppconn-static.lib(mysql_util.obj)
msvcprtd.lib(MSVCP140D.dll) : error LNK2005: "public: int __thiscall std::ios_base::flags(void)const " (?flags@ios_base@std@@QBEHXZ) already defined in mysqlcppconn-static.lib(mysql_util.obj)
msvcprtd.lib(MSVCP140D.dll) : error LNK2005: "public: __int64 __thiscall std::ios_base::width(void)const " (?width@ios_base@std@@QBE_JXZ) already defined in mysqlcppconn-static.lib(mysql_util.obj)
msvcprtd.lib(MSVCP140D.dll) : error LNK2005: "public: __int64 __thiscall std::ios_base::width(__int64)" (?width@ios_base@std@@QAE_J_J@Z) already defined in mysqlcppconn-static.lib(mysql_util.obj)
msvcprtd.lib(MSVCP140D.dll) : error LNK2005: "protected: __thiscall std::basic_streambuf<char,struct std::char_traits<char> >::basic_streambuf<char,struct std::char_traits<char> >(void)" (??0?$basic_streambuf@DU?$char_traits@D@std@@@std@@IAE@XZ) already defined in mysqlcppconn-static.lib(mysql_util.obj)
msvcprtd.lib(MSVCP140D.dll) : error LNK2005: "public: virtual __thiscall std::basic_streambuf<char,struct std::char_traits<char> >::~basic_streambuf<char,struct std::char_traits<char> >(void)" (??1?$basic_streambuf@DU?$char_traits@D@std@@@std@@UAE@XZ) already defined in mysqlcppconn-static.lib(mysql_util.obj)
msvcprtd.lib(MSVCP140D.dll) : error LNK2005: "public: int __thiscall std::basic_streambuf<char,struct std::char_traits<char> >::sputc(char)" (?sputc@?$basic_streambuf@DU?$char_traits@D@std@@@std@@QAEHD@Z) already defined in mysqlcppconn-static.lib(mysql_util.obj)
msvcprtd.lib(MSVCP140D.dll) : error LNK2005: "public: __int64 __thiscall std::basic_streambuf<char,struct std::char_traits<char> >::sputn(char const *,__int64)" (?sputn@?$basic_streambuf@DU?$char_traits@D@std@@@std@@QAE_JPBD_J@Z) already defined in mysqlcppconn-static.lib(mysql_util.obj)
msvcprtd.lib(MSVCP140D.dll) : error LNK2005: "protected: char * __thiscall std::basic_streambuf<char,struct std::char_traits<char> >::eback(void)const " (?eback@?$basic_streambuf@DU?$char_traits@D@std@@@std@@IBEPADXZ) already defined in mysqlcppconn-static.lib(mysql_util.obj)
msvcprtd.lib(MSVCP140D.dll) : error LNK2005: "protected: char * __thiscall std::basic_streambuf<char,struct std::char_traits<char> >::gptr(void)const " (?gptr@?$basic_streambuf@DU?$char_traits@D@std@@@std@@IBEPADXZ) already defined in mysqlcppconn-static.lib(mysql_util.obj)
msvcprtd.lib(MSVCP140D.dll) : error LNK2005: "protected: char * __thiscall std::basic_streambuf<char,struct std::char_traits<char> >::pbase(void)const " (?pbase@?$basic_streambuf@DU?$char_traits@D@std@@@std@@IBEPADXZ) already defined in mysqlcppconn-static.lib(mysql_util.obj)
msvcprtd.lib(MSVCP140D.dll) : error LNK2005: "protected: char * __thiscall std::basic_streambuf<char,struct std::char_traits<char> >::pptr(void)const " (?pptr@?$basic_streambuf@DU?$char_traits@D@std@@@std@@IBEPADXZ) already defined in mysqlcppconn-static.lib(mysql_util.obj)
msvcprtd.lib(MSVCP140D.dll) : error LNK2005: "protected: char * __thiscall std::basic_streambuf<char,struct std::char_traits<char> >::egptr(void)const " (?egptr@?$basic_streambuf@DU?$char_traits@D@std@@@std@@IBEPADXZ) already defined in mysqlcppconn-static.lib(mysql_util.obj)
msvcprtd.lib(MSVCP140D.dll) : error LNK2005: "protected: void __thiscall std::basic_streambuf<char,struct std::char_traits<char> >::gbump(int)" (?gbump@?$basic_streambuf@DU?$char_traits@D@std@@@std@@IAEXH@Z) already defined in mysqlcppconn-static.lib(mysql_util.obj)
msvcprtd.lib(MSVCP140D.dll) : error LNK2005: "protected: void __thiscall std::basic_streambuf<char,struct std::char_traits<char> >::setg(char *,char *,char *)" (?setg@?$basic_streambuf@DU?$char_traits@D@std@@@std@@IAEXPAD00@Z) already defined in mysqlcppconn-static.lib(mysql_util.obj)
msvcprtd.lib(MSVCP140D.dll) : error LNK2005: "protected: char * __thiscall std::basic_streambuf<char,struct std::char_traits<char> >::epptr(void)const " (?epptr@?$basic_streambuf@DU?$char_traits@D@std@@@std@@IBEPADXZ) already defined in mysqlcppconn-static.lib(mysql_util.obj)
msvcprtd.lib(MSVCP140D.dll) : error LNK2005: "protected: void __thiscall std::basic_streambuf<char,struct std::char_traits<char> >::pbump(int)" (?pbump@?$basic_streambuf@DU?$char_traits@D@std@@@std@@IAEXH@Z) already defined in mysqlcppconn-static.lib(mysql_util.obj)
msvcprtd.lib(MSVCP140D.dll) : error LNK2005: "protected: void __thiscall std::basic_streambuf<char,struct std::char_traits<char> >::setp(char *,char *)" (?setp@?$basic_streambuf@DU?$char_traits@D@std@@@std@@IAEXPAD0@Z) already defined in mysqlcppconn-static.lib(mysql_util.obj)
msvcprtd.lib(MSVCP140D.dll) : error LNK2005: "protected: void __thiscall std::basic_streambuf<char,struct std::char_traits<char> >::setp(char *,char *,char *)" (?setp@?$basic_streambuf@DU?$char_traits@D@std@@@std@@IAEXPAD00@Z) already defined in mysqlcppconn-static.lib(mysql_util.obj)
msvcprtd.lib(MSVCP140D.dll) : error LNK2005: "protected: char * __thiscall std::basic_streambuf<char,struct std::char_traits<char> >::_Pninc(void)" (?_Pninc@?$basic_streambuf@DU?$char_traits@D@std@@@std@@IAEPADXZ) already defined in mysqlcppconn-static.lib(mysql_util.obj)
msvcprtd.lib(MSVCP140D.dll) : error LNK2005: "public: virtual __thiscall std::basic_ios<char,struct std::char_traits<char> >::~basic_ios<char,struct std::char_traits<char> >(void)" (??1?$basic_ios@DU?$char_traits@D@std@@@std@@UAE@XZ) already defined in mysqlcppconn-static.lib(mysql_util.obj)
msvcprtd.lib(MSVCP140D.dll) : error LNK2005: "public: void __thiscall std::basic_ios<char,struct std::char_traits<char> >::setstate(int,bool)" (?setstate@?$basic_ios@DU?$char_traits@D@std@@@std@@QAEXH_N@Z) already defined in mysqlcppconn-static.lib(mysql_util.obj)
msvcprtd.lib(MSVCP140D.dll) : error LNK2005: "public: class std::basic_ostream<char,struct std::char_traits<char> > * __thiscall std::basic_ios<char,struct std::char_traits<char> >::tie(void)const " (?tie@?$basic_ios@DU?$char_traits@D@std@@@std@@QBEPAV?$basic_ostream@DU?$char_traits@D@std@@@2@XZ) already defined in mysqlcppconn-static.lib(mysql_util.obj)
msvcprtd.lib(MSVCP140D.dll) : error LNK2005: "public: class std::basic_streambuf<char,struct std::char_traits<char> > * __thiscall std::basic_ios<char,struct std::char_traits<char> >::rdbuf(void)const " (?rdbuf@?$basic_ios@DU?$char_traits@D@std@@@std@@QBEPAV?$basic_streambuf@DU?$char_traits@D@std@@@2@XZ) already defined in mysqlcppconn-static.lib(mysql_util.obj)
msvcprtd.lib(MSVCP140D.dll) : error LNK2005: "public: char __thiscall std::basic_ios<char,struct std::char_traits<char> >::fill(void)const " (?fill@?$basic_ios@DU?$char_traits@D@std@@@std@@QBEDXZ) already defined in mysqlcppconn-static.lib(mysql_util.obj)
msvcprtd.lib(MSVCP140D.dll) : error LNK2005: "public: char __thiscall std::basic_ios<char,struct std::char_traits<char> >::widen(char)const " (?widen@?$basic_ios@DU?$char_traits@D@std@@@std@@QBEDD@Z) already defined in mysqlcppconn-static.lib(mysql_util.obj)
msvcprtd.lib(MSVCP140D.dll) : error LNK2005: "protected: __thiscall std::basic_ios<char,struct std::char_traits<char> >::basic_ios<char,struct std::char_traits<char> >(void)" (??0?$basic_ios@DU?$char_traits@D@std@@@std@@IAE@XZ) already defined in mysqlcppconn-static.lib(mysql_util.obj)
msvcprtd.lib(MSVCP140D.dll) : error LNK2005: "public: __thiscall std::basic_ostream<char,struct std::char_traits<char> >::basic_ostream<char,struct std::char_traits<char> >(class std::basic_streambuf<char,struct std::char_traits<char> > *,bool)" (??0?$basic_ostream@DU?$char_traits@D@std@@@std@@QAE@PAV?$basic_streambuf@DU?$char_traits@D@std@@@1@_N@Z) already defined in mysqlcppconn-static.lib(mysql_util.obj)
msvcprtd.lib(MSVCP140D.dll) : error LNK2005: "public: virtual __thiscall std::basic_ostream<char,struct std::char_traits<char> >::~basic_ostream<char,struct std::char_traits<char> >(void)" (??1?$basic_ostream@DU?$char_traits@D@std@@@std@@UAE@XZ) already defined in mysqlcppconn-static.lib(mysql_util.obj)
msvcprtd.lib(MSVCP140D.dll) : error LNK2005: "public: void __thiscall std::basic_ostream<char,struct std::char_traits<char> >::_Osfx(void)" (?_Osfx@?$basic_ostream@DU?$char_traits@D@std@@@std@@QAEXXZ) already defined in mysqlcppconn-static.lib(mysql_util.obj)
msvcprtd.lib(MSVCP140D.dll) : error LNK2005: "public: class std::basic_ostream<char,struct std::char_traits<char> > & __thiscall std::basic_ostream<char,struct std::char_traits<char> >::operator<<(unsigned int)" (??6?$basic_ostream@DU?$char_traits@D@std@@@std@@QAEAAV01@I@Z) already defined in mysqlcppconn-static.lib(mysql_util.obj)
msvcprtd.lib(MSVCP140D.dll) : error LNK2005: "public: class std::basic_ostream<char,struct std::char_traits<char> > & __thiscall std::basic_ostream<char,struct std::char_traits<char> >::flush(void)" (?flush@?$basic_ostream@DU?$char_traits@D@std@@@std@@QAEAAV12@XZ) already defined in mysqlcppconn-static.lib(mysql_util.obj)
libcpmt.lib(xlocale.obj) : error LNK2038: mismatch detected for '_ITERATOR_DEBUG_LEVEL': value '0' doesn't match value '2' in C11ThreadPool.obj
libcpmt.lib(xlocale.obj) : error LNK2038: mismatch detected for 'RuntimeLibrary': value 'MT_StaticRelease' doesn't match value 'MDd_DynamicDebug' in C11ThreadPool.obj
libcpmt.lib(ios.obj) : error LNK2038: mismatch detected for '_ITERATOR_DEBUG_LEVEL': value '0' doesn't match value '2' in C11ThreadPool.obj
libcpmt.lib(ios.obj) : error LNK2038: mismatch detected for 'RuntimeLibrary': value 'MT_StaticRelease' doesn't match value 'MDd_DynamicDebug' in C11ThreadPool.obj
libcpmt.lib(ios.obj) : error LNK2005: "public: static void __cdecl std::ios_base::_Addstd(class std::ios_base *)" (?_Addstd@ios_base@std@@SAXPAV12@@Z) already defined in msvcprtd.lib(MSVCP140D.dll)
libcpmt.lib(ios.obj) : error LNK2005: "private: static void __cdecl std::ios_base::_Ios_base_dtor(class std::ios_base *)" (?_Ios_base_dtor@ios_base@std@@CAXPAV12@@Z) already defined in msvcprtd.lib(MSVCP140D.dll)
libcpmt.lib(locale0.obj) : error LNK2038: mismatch detected for '_ITERATOR_DEBUG_LEVEL': value '0' doesn't match value '2' in C11ThreadPool.obj
libcpmt.lib(locale0.obj) : error LNK2038: mismatch detected for 'RuntimeLibrary': value 'MT_StaticRelease' doesn't match value 'MDd_DynamicDebug' in C11ThreadPool.obj
libcpmt.lib(locale0.obj) : error LNK2005: "void __cdecl std::_Facet_Register(class std::_Facet_base *)" (?_Facet_Register@std@@YAXPAV_Facet_base@1@@Z) already defined in msvcprtd.lib(locale0_implib.obj)
libcpmt.lib(locale0.obj) : error LNK2005: "private: static class std::locale::_Locimp * __cdecl std::locale::_Getgloballocale(void)" (?_Getgloballocale@locale@std@@CAPAV_Locimp@12@XZ) already defined in msvcprtd.lib(MSVCP140D.dll)
libcpmt.lib(locale0.obj) : error LNK2005: "private: static class std::locale::_Locimp * __cdecl std::locale::_Init(bool)" (?_Init@locale@std@@CAPAV_Locimp@12@_N@Z) already defined in msvcprtd.lib(MSVCP140D.dll)
libcpmt.lib(locale0.obj) : error LNK2005: "public: static void __cdecl std::_Locinfo::_Locinfo_ctor(class std::_Locinfo *,char const *)" (?_Locinfo_ctor@_Locinfo@std@@SAXPAV12@PBD@Z) already defined in msvcprtd.lib(MSVCP140D.dll)
libcpmt.lib(locale0.obj) : error LNK2005: "public: static void __cdecl std::_Locinfo::_Locinfo_dtor(class std::_Locinfo *)" (?_Locinfo_dtor@_Locinfo@std@@SAXPAV12@@Z) already defined in msvcprtd.lib(MSVCP140D.dll)
libcpmt.lib(xdateord.obj) : error LNK2038: mismatch detected for '_ITERATOR_DEBUG_LEVEL': value '0' doesn't match value '2' in C11ThreadPool.obj
libcpmt.lib(xdateord.obj) : error LNK2038: mismatch detected for 'RuntimeLibrary': value 'MT_StaticRelease' doesn't match value 'MDd_DynamicDebug' in C11ThreadPool.obj
libcpmt.lib(locale.obj) : error LNK2038: mismatch detected for '_ITERATOR_DEBUG_LEVEL': value '0' doesn't match value '2' in C11ThreadPool.obj
libcpmt.lib(locale.obj) : error LNK2038: mismatch detected for 'RuntimeLibrary': value 'MT_StaticRelease' doesn't match value 'MDd_DynamicDebug' in C11ThreadPool.obj
libcpmt.lib(iosptrs.obj) : error LNK2038: mismatch detected for '_ITERATOR_DEBUG_LEVEL': value '0' doesn't match value '2' in C11ThreadPool.obj
libcpmt.lib(iosptrs.obj) : error LNK2038: mismatch detected for 'RuntimeLibrary': value 'MT_StaticRelease' doesn't match value 'MDd_DynamicDebug' in C11ThreadPool.obj
libcpmt.lib(StlCompareStringA.obj) : error LNK2038: mismatch detected for '_ITERATOR_DEBUG_LEVEL': value '0' doesn't match value '2' in C11ThreadPool.obj
libcpmt.lib(StlCompareStringA.obj) : error LNK2038: mismatch detected for 'RuntimeLibrary': value 'MT_StaticRelease' doesn't match value 'MDd_DynamicDebug' in C11ThreadPool.obj
libcpmt.lib(winapinls.obj) : error LNK2038: mismatch detected for '_ITERATOR_DEBUG_LEVEL': value '0' doesn't match value '2' in C11ThreadPool.obj
libcpmt.lib(winapinls.obj) : error LNK2038: mismatch detected for 'RuntimeLibrary': value 'MT_StaticRelease' doesn't match value 'MDd_DynamicDebug' in C11ThreadPool.obj
libcpmt.lib(StlLCMapStringA.obj) : error LNK2038: mismatch detected for '_ITERATOR_DEBUG_LEVEL': value '0' doesn't match value '2' in C11ThreadPool.obj
libcpmt.lib(StlLCMapStringA.obj) : error LNK2038: mismatch detected for 'RuntimeLibrary': value 'MT_StaticRelease' doesn't match value 'MDd_DynamicDebug' in C11ThreadPool.obj
libcpmt.lib(xthrow.obj) : error LNK2038: mismatch detected for '_ITERATOR_DEBUG_LEVEL': value '0' doesn't match value '2' in C11ThreadPool.obj
libcpmt.lib(xthrow.obj) : error LNK2038: mismatch detected for 'RuntimeLibrary': value 'MT_StaticRelease' doesn't match value 'MDd_DynamicDebug' in C11ThreadPool.obj
libcpmt.lib(xthrow.obj) : error LNK2005: "void __cdecl std::_Xbad_alloc(void)" (?_Xbad_alloc@std@@YAXXZ) already defined in msvcprtd.lib(MSVCP140D.dll)
libcpmt.lib(xthrow.obj) : error LNK2005: "void __cdecl std::_Xlength_error(char const *)" (?_Xlength_error@std@@YAXPBD@Z) already defined in msvcprtd.lib(MSVCP140D.dll)
libcpmt.lib(xthrow.obj) : error LNK2005: "void __cdecl std::_Xout_of_range(char const *)" (?_Xout_of_range@std@@YAXPBD@Z) already defined in msvcprtd.lib(MSVCP140D.dll)
libcpmt.lib(wlocale.obj) : error LNK2038: mismatch detected for '_ITERATOR_DEBUG_LEVEL': value '0' doesn't match value '2' in C11ThreadPool.obj
libcpmt.lib(wlocale.obj) : error LNK2038: mismatch detected for 'RuntimeLibrary': value 'MT_StaticRelease' doesn't match value 'MDd_DynamicDebug' in C11ThreadPool.obj
libcpmt.lib(xlock.obj) : error LNK2038: mismatch detected for '_ITERATOR_DEBUG_LEVEL': value '0' doesn't match value '2' in C11ThreadPool.obj
libcpmt.lib(xlock.obj) : error LNK2038: mismatch detected for 'RuntimeLibrary': value 'MT_StaticRelease' doesn't match value 'MDd_DynamicDebug' in C11ThreadPool.obj
libcpmt.lib(xlock.obj) : error LNK2005: "public: __thiscall std::_Lockit::_Lockit(int)" (??0_Lockit@std@@QAE@H@Z) already defined in msvcprtd.lib(MSVCP140D.dll)
libcpmt.lib(xlock.obj) : error LNK2005: "public: __thiscall std::_Lockit::~_Lockit(void)" (??1_Lockit@std@@QAE@XZ) already defined in msvcprtd.lib(MSVCP140D.dll)
libcpmt.lib(winapisupp.obj) : error LNK2038: mismatch detected for '_ITERATOR_DEBUG_LEVEL': value '0' doesn't match value '2' in C11ThreadPool.obj
libcpmt.lib(winapisupp.obj) : error LNK2038: mismatch detected for 'RuntimeLibrary': value 'MT_StaticRelease' doesn't match value 'MDd_DynamicDebug' in C11ThreadPool.obj
libcpmt.lib(xwctomb.obj) : error LNK2005: __Getcvt already defined in msvcprtd.lib(MSVCP140D.dll)
libcpmt.lib(StlCompareStringW.obj) : error LNK2038: mismatch detected for '_ITERATOR_DEBUG_LEVEL': value '0' doesn't match value '2' in C11ThreadPool.obj
libcpmt.lib(StlCompareStringW.obj) : error LNK2038: mismatch detected for 'RuntimeLibrary': value 'MT_StaticRelease' doesn't match value 'MDd_DynamicDebug' in C11ThreadPool.obj
libcpmt.lib(StlLCMapStringW.obj) : error LNK2038: mismatch detected for '_ITERATOR_DEBUG_LEVEL': value '0' doesn't match value '2' in C11ThreadPool.obj
libcpmt.lib(StlLCMapStringW.obj) : error LNK2038: mismatch detected for 'RuntimeLibrary': value 'MT_StaticRelease' doesn't match value 'MDd_DynamicDebug' in C11ThreadPool.obj
LINK : warning LNK4098: defaultlib 'LIBCMT' conflicts with use of other libs; use /NODEFAULTLIB:library
mysqlcppconn-static.lib(mysql_util.obj) : error LNK2019: unresolved external symbol "public: __thiscall std::exception::exception(char const * const &)" (??0exception@std@@QAE@ABQBD@Z) referenced in function "public: __thiscall sql::SQLException::SQLException(class sql::SQLException const &)" (??0SQLException@sql@@QAE@ABV01@@Z)
mysqlcppconn-static.lib(mysql_util.obj) : error LNK2019: unresolved external symbol "public: __thiscall std::bad_cast::bad_cast(char const *)" (??0bad_cast@std@@QAE@PBD@Z) referenced in function "class std::ctype<char> const & __cdecl std::use_facet<class std::ctype<char> >(class std::locale const &)" (??$use_facet@V?$ctype@D@std@@@std@@YAABV?$ctype@D@0@ABVlocale@0@@Z)
mysqlcppconn-static.lib(mysql_util.obj) : error LNK2019: unresolved external symbol "char const * __cdecl std::_Winerror_map(int)" (?_Winerror_map@std@@YAPBDH@Z) referenced in function "public: virtual class std::basic_string<char,struct std::char_traits<char>,class std::allocator<char> > __thiscall std::_System_error_category::message(int)const " (?message@_System_error_category@std@@UBE?AV?$basic_string@DU?$char_traits@D@std@@V?$allocator@D@2@@2@H@Z)
D:\Drives\Git\AndroidMySQLServer\Debug\AndroidMySQLServer.exe : fatal error LNK1120: 3 unresolved externals
